0 info it worked if it ends with ok
1 verbose cli [ 'C:\\Program Files\\nodejs\\node.exe',
1 verbose cli   'C:\\Program Files\\nodejs\\node_modules\\npm\\bin\\npm-cli.js',
1 verbose cli   'run',
1 verbose cli   'server' ]
2 info using npm@3.8.6
3 info using node@v5.11.1
4 verbose run-script [ 'preserver', 'server', 'postserver' ]
5 info lifecycle reactAMD@0.0.1~preserver: reactAMD@0.0.1
6 silly lifecycle reactAMD@0.0.1~preserver: no script for preserver, continuing
7 info lifecycle reactAMD@0.0.1~server: reactAMD@0.0.1
8 verbose lifecycle reactAMD@0.0.1~server: unsafe-perm in lifecycle true
9 verbose lifecycle reactAMD@0.0.1~server: PATH: C:\Program Files\nodejs\node_modules\npm\bin\node-gyp-bin;E:\projects\reactAMD\node_modules\.bin;C:\Program Files\nodejs;C:\Program Files\Git\mingw64\bin;C:\Program Files\Git\usr\bin;C:\Users\1\bin;C:\WINDOWS\system32;C:\WINDOWS;C:\WINDOWS\System32\Wbem;C:\WINDOWS\System32\WindowsPowerShell\v1.0;C:\Program Files (x86)\Skype\Phone;C:\Program Files\Microsoft SQL Server\130\Tools\Binn;C:\Program Files\dotnet;C:\Program Files\nodejs;C:\Program Files\TortoiseGit\bin;C:\Program Files\Microsoft SQL Server\Client SDK\ODBC\130\Tools\Binn;C:\Program Files (x86)\Microsoft SQL Server\130\Tools\Binn;C:\Program Files\Microsoft SQL Server\130\DTS\Binn;C:\Program Files (x86)\Microsoft SQL Server\Client SDK\ODBC\130\Tools\Binn;C:\Program Files (x86)\Microsoft SQL Server\140\Tools\Binn;C:\Program Files (x86)\Microsoft SQL Server\140\DTS\Binn;C:\Program Files (x86)\Microsoft SQL Server\140\Tools\Binn\ManagementStudio;C:\Users\1\AppData\Local\Microsoft\WindowsApps;C:\Users\1\AppData\Roaming\npm
10 verbose lifecycle reactAMD@0.0.1~server: CWD: E:\projects\reactAMD
11 silly lifecycle reactAMD@0.0.1~server: Args: [ '/d /s /c', 'http-server' ]
12 silly lifecycle reactAMD@0.0.1~server: Returned: code: 1  signal: null
13 info lifecycle reactAMD@0.0.1~server: Failed to exec server script
14 verbose stack Error: reactAMD@0.0.1 server: `http-server`
14 verbose stack Exit status 1
14 verbose stack     at EventEmitter.<anonymous> (C:\Program Files\nodejs\node_modules\npm\lib\utils\lifecycle.js:239:16)
14 verbose stack     at emitTwo (events.js:100:13)
14 verbose stack     at EventEmitter.emit (events.js:185:7)
14 verbose stack     at ChildProcess.<anonymous> (C:\Program Files\nodejs\node_modules\npm\lib\utils\spawn.js:24:14)
14 verbose stack     at emitTwo (events.js:100:13)
14 verbose stack     at ChildProcess.emit (events.js:185:7)
14 verbose stack     at maybeClose (internal/child_process.js:850:16)
14 verbose stack     at Process.ChildProcess._handle.onexit (internal/child_process.js:215:5)
15 verbose pkgid reactAMD@0.0.1
16 verbose cwd E:\projects\reactAMD
17 error Windows_NT 10.0.15063
18 error argv "C:\\Program Files\\nodejs\\node.exe" "C:\\Program Files\\nodejs\\node_modules\\npm\\bin\\npm-cli.js" "run" "server"
19 error node v5.11.1
20 error npm  v3.8.6
21 error code ELIFECYCLE
22 error reactAMD@0.0.1 server: `http-server`
22 error Exit status 1
23 error Failed at the reactAMD@0.0.1 server script 'http-server'.
23 error Make sure you have the latest version of node.js and npm installed.
23 error If you do, this is most likely a problem with the reactAMD package,
23 error not with npm itself.
23 error Tell the author that this fails on your system:
23 error     http-server
23 error You can get information on how to open an issue for this project with:
23 error     npm bugs reactAMD
23 error Or if that isn't available, you can get their info via:
23 error     npm owner ls reactAMD
23 error There is likely additional logging output above.
24 verbose exit [ 1, true ]
